Using pre-set license
Built from '2022.3/staging' branch; Version is '2022.3.29f1 (8d510ca76d2b) revision 9261324'; Using compiler version '192829333'; Build Type 'Release'
OS: 'Windows 11  (10.0.22631) 64bit Enterprise' Language: 'en' Physical Memory: 32486 MB
BatchMode: 1, IsHumanControllingUs: 0, StartBugReporterOnCrash: 0, Is64bit: 1, IsPro: 1

COMMAND LINE ARGUMENTS:
C:\Program Files\Unity\Hub\Editor\2022.3.29f1\Editor\Unity.exe
-adb2
-batchMode
-noUpm
-name
AssetImportWorker4
-projectPath
C:/Users/AlexanderKlimczak/Downloads/unity woah/unity/first project
-logFile
Logs/AssetImportWorker4.log
-srvPort
52890
Successfully changed project path to: C:/Users/AlexanderKlimczak/Downloads/unity woah/unity/first project
C:/Users/AlexanderKlimczak/Downloads/unity woah/unity/first project
[UnityMemory] Configuration Parameters - Can be set up in boot.config
    "memorysetup-bucket-allocator-granularity=16"
    "memorysetup-bucket-allocator-bucket-count=8"
    "memorysetup-bucket-allocator-block-size=33554432"
    "memorysetup-bucket-allocator-block-count=8"
    "memorysetup-main-allocator-block-size=16777216"
    "memorysetup-thread-allocator-block-size=16777216"
    "memorysetup-gfx-main-allocator-block-size=16777216"
    "memorysetup-gfx-thread-allocator-block-size=16777216"
    "memorysetup-cache-allocator-block-size=4194304"
    "memorysetup-typetree-allocator-block-size=2097152"
    "memorysetup-profiler-bucket-allocator-granularity=16"
    "memorysetup-profiler-bucket-allocator-bucket-count=8"
    "memorysetup-profiler-bucket-allocator-block-size=33554432"
    "memorysetup-profiler-bucket-allocator-block-count=8"
    "memorysetup-profiler-allocator-block-size=16777216"
    "memorysetup-profiler-editor-allocator-block-size=1048576"
    "memorysetup-temp-allocator-size-main=16777216"
    "memorysetup-job-temp-allocator-block-size=2097152"
    "memorysetup-job-temp-allocator-block-size-background=1048576"
    "memorysetup-job-temp-allocator-reduction-small-platforms=262144"
    "memorysetup-allocator-temp-initial-block-size-main=262144"
    "memorysetup-allocator-temp-initial-block-size-worker=262144"
    "memorysetup-temp-allocator-size-background-worker=32768"
    "memorysetup-temp-allocator-size-job-worker=262144"
    "memorysetup-temp-allocator-size-preload-manager=33554432"
    "memorysetup-temp-allocator-size-nav-mesh-worker=65536"
    "memorysetup-temp-allocator-size-audio-worker=65536"
    "memorysetup-temp-allocator-size-cloud-worker=32768"
    "memorysetup-temp-allocator-size-gi-baking-worker=262144"
    "memorysetup-temp-allocator-size-gfx=262144"
Player connection [54824] Host "[IP] 10.5.5.9 [Port] 0 [Flags] 2 [Guid] 2176459741 [EditorId] 2176459741 [Version] 1048832 [Id] WindowsEditor(7,SD-DJ9G2Z3) [Debug] 1 [PackageName] WindowsEditor [ProjectName] Editor" joined multi-casting on [225.0.0.222:54997]...

Player connection [54824] Host "[IP] 10.5.5.9 [Port] 0 [Flags] 2 [Guid] 2176459741 [EditorId] 2176459741 [Version] 1048832 [Id] WindowsEditor(7,SD-DJ9G2Z3) [Debug] 1 [PackageName] WindowsEditor [ProjectName] Editor" joined alternative multi-casting on [225.0.0.222:34997]...

[Physics::Module] Initialized MultithreadedJobDispatcher with 23 workers.
Refreshing native plugins compatible for Editor in 7.48 ms, found 3 plugins.
Preloading 0 native plugins for Editor in 0.00 ms.
Initialize engine version: 2022.3.29f1 (8d510ca76d2b)
[Subsystems] Discovering subsystems at path C:/Program Files/Unity/Hub/Editor/2022.3.29f1/Editor/Data/Resources/UnitySubsystems
[Subsystems] Discovering subsystems at path C:/Users/AlexanderKlimczak/Downloads/unity woah/unity/first project/Assets
GfxDevice: creating device client; threaded=0; jobified=0
Direct3D:
    Version:  Direct3D 11.0 [level 11.1]
    Renderer: NVIDIA GeForce RTX 4060 Ti (ID=0x2803)
    Vendor:   NVIDIA
    VRAM:     7949 MB
    Driver:   32.0.15.5612
Initialize mono
Mono path[0] = 'C:/Program Files/Unity/Hub/Editor/2022.3.29f1/Editor/Data/Managed'
Mono path[1] = 'C:/Program Files/Unity/Hub/Editor/2022.3.29f1/Editor/Data/MonoBleedingEdge/lib/mono/unityjit-win32'
Mono config path = 'C:/Program Files/Unity/Hub/Editor/2022.3.29f1/Editor/Data/MonoBleedingEdge/etc'
Using monoOptions --debugger-agent=transport=dt_socket,embedding=1,server=y,suspend=n,address=127.0.0.1:56456
Begin MonoManager ReloadAssembly
Registering precompiled unity dll's ...
Register platform support module: C:/Program Files/Unity/Hub/Editor/2022.3.29f1/Editor/Data/PlaybackEngines/WindowsStandaloneSupport/UnityEditor.WindowsStandalone.Extensions.dll
Registered in 0.005691 seconds.
- Loaded All Assemblies, in  0.217 seconds
Native extension for WindowsStandalone target not found
Mono: successfully reloaded assembly
- Finished resetting the current domain, in  0.167 seconds
Domain Reload Profiling: 383ms
	BeginReloadAssembly (69ms)
		ExecutionOrderSort (0ms)
		DisableScriptedObjects (0ms)
		BackupInstance (0ms)
		ReleaseScriptingObjects (0ms)
		CreateAndSetChildDomain (0ms)
	RebuildCommonClasses (19ms)
	RebuildNativeTypeToScriptingClass (6ms)
	initialDomainReloadingComplete (37ms)
	LoadAllAssembliesAndSetupDomain (85ms)
		LoadAssemblies (68ms)
		RebuildTransferFunctionScriptingTraits (0ms)
		AnalyzeDomain (84ms)
			TypeCache.Refresh (82ms)
				TypeCache.ScanAssembly (70ms)
			ScanForSourceGeneratedMonoScriptInfo (1ms)
			ResolveRequiredComponents (0ms)
	FinalizeReload (167ms)
		ReleaseScriptCaches (0ms)
		RebuildScriptCaches (0ms)
		SetupLoadedEditorAssemblies (134ms)
			LogAssemblyErrors (0ms)
			InitializePlatformSupportModulesInManaged (6ms)
			SetLoadedEditorAssemblies (4ms)
			RefreshPlugins (0ms)
			BeforeProcessingInitializeOnLoad (1ms)
			ProcessInitializeOnLoadAttributes (95ms)
			ProcessInitializeOnLoadMethodAttributes (28ms)
			AfterProcessingInitializeOnLoad (0ms)
			EditorAssembliesLoaded (0ms)
		ExecutionOrderSort2 (0ms)
		AwakeInstancesAfterBackupRestoration (0ms)
========================================================================
Worker process is ready to serve import requests
Begin MonoManager ReloadAssembly
- Loaded All Assemblies, in  0.487 seconds
Refreshing native plugins compatible for Editor in 2.49 ms, found 3 plugins.
Native extension for WindowsStandalone target not found
Package Manager log level set to [2]
[Package Manager] Server::EnsureServerProcessIsRunning -- launch failed, reason: Unity was launched with the -noUpm command-line argument
[Package Manager] UpmClient::Send -- Unable to send message (not connected to UPM process).
[Package Manager] Cannot connect to Unity Package Manager local server
Mono: successfully reloaded assembly
- Finished resetting the current domain, in  0.370 seconds
Domain Reload Profiling: 856ms
	BeginReloadAssembly (91ms)
		ExecutionOrderSort (0ms)
		DisableScriptedObjects (3ms)
		BackupInstance (0ms)
		ReleaseScriptingObjects (0ms)
		CreateAndSetChildDomain (13ms)
	RebuildCommonClasses (23ms)
	RebuildNativeTypeToScriptingClass (6ms)
	initialDomainReloadingComplete (26ms)
	LoadAllAssembliesAndSetupDomain (340ms)
		LoadAssemblies (292ms)
		RebuildTransferFunctionScriptingTraits (0ms)
		AnalyzeDomain (101ms)
			TypeCache.Refresh (88ms)
				TypeCache.ScanAssembly (80ms)
			ScanForSourceGeneratedMonoScriptInfo (8ms)
			ResolveRequiredComponents (3ms)
	FinalizeReload (371ms)
		ReleaseScriptCaches (0ms)
		RebuildScriptCaches (0ms)
		SetupLoadedEditorAssemblies (282ms)
			LogAssemblyErrors (0ms)
			InitializePlatformSupportModulesInManaged (4ms)
			SetLoadedEditorAssemblies (3ms)
			RefreshPlugins (0ms)
			BeforeProcessingInitializeOnLoad (39ms)
			ProcessInitializeOnLoadAttributes (220ms)
			ProcessInitializeOnLoadMethodAttributes (12ms)
			AfterProcessingInitializeOnLoad (5ms)
			EditorAssembliesLoaded (0ms)
		ExecutionOrderSort2 (0ms)
		AwakeInstancesAfterBackupRestoration (4ms)
Launched and connected shader compiler UnityShaderCompiler.exe after 0.07 seconds
Refreshing native plugins compatible for Editor in 2.56 ms, found 3 plugins.
Preloading 0 native plugins for Editor in 0.00 ms.
Unloading 3094 Unused Serialized files (Serialized files now loaded: 0)
Unloading 33 unused Assets / (57.6 KB). Loaded Objects now: 3554.
Memory consumption went from 120.1 MB to 120.1 MB.
Total: 2.040500 ms (FindLiveObjects: 0.131500 ms CreateObjectMapping: 0.038700 ms MarkObjects: 1.799900 ms  DeleteObjects: 0.069800 ms)

AssetImportParameters requested are different than current active one (requested -> active):
  custom:container-demuxer-ogg: 62fdf1f143b41e24485cea50d1cbac27 -> 
  custom:video-codec-MediaFoundation-h265: 746d11721c4dcdbdad8f713fa42b33f4 -> 
  custom:video-decoder-ogg-theora: a1e56fd34408186e4bbccfd4996cb3dc -> 
  custom:framework-win-MediaFoundation: 216162199b28c13a410421893ffa2e32 -> 
  custom:CustomObjectIndexerAttribute: 9a22284fe3817be447336de3de66b15e -> 
  custom:container-demuxer-webm: 4f35f7cbe854078d1ac9338744f61a02 -> 
  custom:container-muxer-webm: aa71ff27fc2769a1b78a27578f13a17b -> 
  custom:video-decoder-webm-vp8: 9c59270c3fd7afecdb556c50c9e8de78 -> 
  custom:SearchIndexIgnoredProperties: e643bd26f0fe6173181afceb89e7c659 -> 
  custom:AudioImporter_EditorPlatform: d09bf68614088b80899f8185d706f6e7 -> 
  custom:video-encoder-webm-vp8: eb34c28f22e8b96e1ab97ce403110664 -> 
  custom:audio-decoder-ogg-vorbis: bf7c407c2cedff20999df2af8eb42d56 -> 
  custom:audio-encoder-webm-vorbis: bf7c407c2cedff20999df2af8eb42d56 -> 
========================================================================
Received Import Request.
  Time since last request: 569500.525154 seconds.
  path: Assets/town
  artifactKey: Guid(c0f7c1bdd204efc46a34acb31999fee6) Importer(815301076,1909f56bfc062723c751e8b465ee728b)
Start importing Assets/town using Guid(c0f7c1bdd204efc46a34acb31999fee6) Importer(815301076,1909f56bfc062723c751e8b465ee728b)  -> (artifact id: '288d2db661ce58274e6ed5c328677f73') in 0.004414 seconds
Number of updated asset objects reloaded before import = 0
Number of asset objects unloaded after import = 0
========================================================================
Received Import Request.
  Time since last request: 679.007087 seconds.
  path: Assets/town/Turn.fbx
  artifactKey: Guid(a071a1e636f64ca429d6a9f2a14ccccc) Importer(815301076,1909f56bfc062723c751e8b465ee728b)
Start importing Assets/town/Turn.fbx using Guid(a071a1e636f64ca429d6a9f2a14ccccc) Importer(815301076,1909f56bfc062723c751e8b465ee728b)  -> (artifact id: '34da761ac0a3669ce6e6d3676f0dc9ea') in 0.092275 seconds
Number of updated asset objects reloaded before import = 0
Number of asset objects unloaded after import = 9
========================================================================
Received Import Request.
  Time since last request: 0.000017 seconds.
  path: Assets/town/Trash_Can.fbx
  artifactKey: Guid(68dd401c4c60c8145890a464cb551ee4) Importer(815301076,1909f56bfc062723c751e8b465ee728b)
Start importing Assets/town/Trash_Can.fbx using Guid(68dd401c4c60c8145890a464cb551ee4) Importer(815301076,1909f56bfc062723c751e8b465ee728b)  -> (artifact id: 'c7c81a833e1081055b560c065d61a699') in 0.014660 seconds
Number of updated asset objects reloaded before import = 0
Number of asset objects unloaded after import = 16
========================================================================
Received Import Request.
  Time since last request: 17.659624 seconds.
  path: Assets/town/Apartment.fbx
  artifactKey: Guid(9d4f8656f7937a54d99a68e8501eed8d) Importer(815301076,1909f56bfc062723c751e8b465ee728b)
Start importing Assets/town/Apartment.fbx using Guid(9d4f8656f7937a54d99a68e8501eed8d) Importer(815301076,1909f56bfc062723c751e8b465ee728b)  -> (artifact id: '89f0f7cd1798d5855d76a1926128777f') in 0.012510 seconds
Number of updated asset objects reloaded before import = 0
Number of asset objects unloaded after import = 9
========================================================================
Received Import Request.
  Time since last request: 0.506367 seconds.
  path: Assets/town/Coffee_Shop.fbx
  artifactKey: Guid(d8ba25182b590444884365d76246ab13) Importer(815301076,1909f56bfc062723c751e8b465ee728b)
Start importing Assets/town/Coffee_Shop.fbx using Guid(d8ba25182b590444884365d76246ab13) Importer(815301076,1909f56bfc062723c751e8b465ee728b)  -> (artifact id: '198724455574f2b091d5d55f58799453') in 0.013976 seconds
Number of updated asset objects reloaded before import = 0
Number of asset objects unloaded after import = 9
========================================================================
Received Import Request.
  Time since last request: 2.046533 seconds.
  path: Assets/town/Intersection.fbx
  artifactKey: Guid(d89ca5898401b5d419e594df1407ee66) Importer(815301076,1909f56bfc062723c751e8b465ee728b)
Start importing Assets/town/Intersection.fbx using Guid(d89ca5898401b5d419e594df1407ee66) Importer(815301076,1909f56bfc062723c751e8b465ee728b)  -> (artifact id: '9c446beb7d38cf5112129b371578f23c') in 0.034674 seconds
Number of updated asset objects reloaded before import = 0
Number of asset objects unloaded after import = 9
========================================================================
Received Import Request.
  Time since last request: 0.036366 seconds.
  path: Assets/town/Square_Base.fbx
  artifactKey: Guid(1eef52181509af8439d34887e89e545b) Importer(815301076,1909f56bfc062723c751e8b465ee728b)
Start importing Assets/town/Square_Base.fbx using Guid(1eef52181509af8439d34887e89e545b) Importer(815301076,1909f56bfc062723c751e8b465ee728b)  -> (artifact id: 'af1b16a134c05c701be6cb6cfc75c3d7') in 0.071572 seconds
Number of updated asset objects reloaded before import = 0
Number of asset objects unloaded after import = 9
========================================================================
Received Import Request.
  Time since last request: 0.160962 seconds.
  path: Assets/town/Street.fbx
  artifactKey: Guid(83dddbd6b221de747afafb1ec956b07b) Importer(815301076,1909f56bfc062723c751e8b465ee728b)
Start importing Assets/town/Street.fbx using Guid(83dddbd6b221de747afafb1ec956b07b) Importer(815301076,1909f56bfc062723c751e8b465ee728b)  -> (artifact id: '4f577c587e89cf27b8f7a86fdac0827e') in 0.034952 seconds
Number of updated asset objects reloaded before import = 0
Number of asset objects unloaded after import = 9
========================================================================
Received Import Request.
  Time since last request: 0.166371 seconds.
  path: Assets/town/Tall_Apartment.fbx
  artifactKey: Guid(0ade807445f9c2640925ff3f79eb1fb3) Importer(815301076,1909f56bfc062723c751e8b465ee728b)
Start importing Assets/town/Tall_Apartment.fbx using Guid(0ade807445f9c2640925ff3f79eb1fb3) Importer(815301076,1909f56bfc062723c751e8b465ee728b)  -> (artifact id: 'a1ab013d8fc197641871ea283b13e3c6') in 0.049518 seconds
Number of updated asset objects reloaded before import = 0
Number of asset objects unloaded after import = 9
========================================================================
Received Import Request.
  Time since last request: 0.077954 seconds.
  path: Assets/town/Tire.fbx
  artifactKey: Guid(b38a608b7a2a75a4b8c9c073673a9939) Importer(815301076,1909f56bfc062723c751e8b465ee728b)
Start importing Assets/town/Tire.fbx using Guid(b38a608b7a2a75a4b8c9c073673a9939) Importer(815301076,1909f56bfc062723c751e8b465ee728b)  -> (artifact id: '0fd26b6e1712ef8e5d3e859f49bb7af9') in 0.043766 seconds
Number of updated asset objects reloaded before import = 0
Number of asset objects unloaded after import = 9
